<?xml version="1.0" encoding="UTF-8"?>
<testsuite name="TestIntroduction" tests="1" skipped="0" failures="0" errors="0" timestamp="2021-03-28T13:07:43" hostname="DESKTOP-VCLRV1J" time="0.027">
  <properties/>
  <testcase name="testSetOfCustomers" classname="TestIntroduction" time="0.027"/>
  <system-out><![CDATA[]]></system-out>
  <system-err><![CDATA[]]></system-err>
</testsuite>
