<?xml version="1.0" encoding="UTF-8"?>
<testsuite name="TestSum" tests="2" skipped="0" failures="0" errors="0" timestamp="2021-03-28T13:33:26" hostname="DESKTOP-VCLRV1J" time="0.026">
  <properties/>
  <testcase name="testGetTotalOrderPrice" classname="TestSum" time="0.025"/>
  <testcase name="testGetTotalOrderPrice1" classname="TestSum" time="0.001"/>
  <system-out><![CDATA[]]></system-out>
  <system-err><![CDATA[]]></system-err>
</testsuite>
