<?xml version="1.0" encoding="UTF-8"?>
<testsuite name="TestGroupBy" tests="1" skipped="0" failures="0" errors="0" timestamp="2021-03-28T13:35:21" hostname="DESKTOP-VCLRV1J" time="0.027">
  <properties/>
  <testcase name="testGroupCustomersByCity" classname="TestGroupBy" time="0.027"/>
  <system-out><![CDATA[]]></system-out>
  <system-err><![CDATA[]]></system-err>
</testsuite>
