<?xml version="1.0" encoding="UTF-8"?>
<testsuite name="TestDataClasses" tests="2" skipped="0" failures="0" errors="0" timestamp="2021-03-28T06:23:46" hostname="DESKTOP-VCLRV1J" time="0.018">
  <properties/>
  <testcase name="testComparePeople" classname="TestDataClasses" time="0.004"/>
  <testcase name="testListOfPeople" classname="TestDataClasses" time="0.014"/>
  <system-out><![CDATA[]]></system-out>
  <system-err><![CDATA[]]></system-err>
</testsuite>
