<?xml version="1.0" encoding="UTF-8"?>
<testsuite name="TestFlatMap" tests="2" skipped="0" failures="0" errors="0" timestamp="2021-03-28T13:58:28" hostname="DESKTOP-VCLRV1J" time="0.027">
  <properties/>
  <testcase name="testGetOrderedProductsSet" classname="TestFlatMap" time="0.025"/>
  <testcase name="testGetAllOrderedProducts" classname="TestFlatMap" time="0.001"/>
  <system-out><![CDATA[]]></system-out>
  <system-err><![CDATA[]]></system-err>
</testsuite>
