<?xml version="1.0" encoding="UTF-8"?>
<testsuite name="TestSealedClasses" tests="3" skipped="0" failures="0" errors="0" timestamp="2021-03-28T06:28:18" hostname="DESKTOP-VCLRV1J" time="0.006">
  <properties/>
  <testcase name="testNum" classname="TestSealedClasses" time="0.004"/>
  <testcase name="testSum" classname="TestSealedClasses" time="0.001"/>
  <testcase name="testRecursion" classname="TestSealedClasses" time="0.0"/>
  <system-out><![CDATA[]]></system-out>
  <system-err><![CDATA[]]></system-err>
</testsuite>
